TN:
SF:src\getDiff.js
FN:1,(anonymous_0)
FN:6,(anonymous_1)
FNF:2
FNH:2
FNDA:1,(anonymous_0)
FNDA:5,(anonymous_1)
DA:1,1
DA:2,1
DA:6,1
DA:7,5
DA:8,5
DA:9,5
DA:10,5
DA:12,5
DA:13,2
DA:16,3
DA:17,1
DA:20,2
DA:21,1
DA:24,1
DA:27,1
LF:15
LH:15
BRDA:12,0,0,2
BRDA:12,0,1,3
BRDA:12,1,0,5
BRDA:12,1,1,4
BRDA:16,2,0,1
BRDA:16,2,1,2
BRDA:16,3,0,3
BRDA:16,3,1,1
BRDA:20,4,0,1
BRDA:20,4,1,1
BRF:10
BRH:10
end_of_record
TN:
SF:src\index.js
FN:6,(anonymous_0)
FN:8,(anonymous_1)
FN:24,genDiff
FNF:3
FNH:3
FNDA:2,(anonymous_0)
FNDA:2,(anonymous_1)
FNDA:1,genDiff
DA:6,2
DA:8,1
DA:9,2
DA:10,2
DA:11,2
DA:13,2
DA:14,2
DA:17,0
DA:18,0
DA:21,0
DA:25,1
DA:26,1
DA:27,1
LF:13
LH:10
BRDA:13,0,0,2
BRDA:13,0,1,0
BRDA:17,1,0,0
BRDA:17,1,1,0
BRDA:17,2,0,0
BRDA:17,2,1,0
BRF:6
BRH:1
end_of_record
