TN:
SF:src\getDiff.js
FN:1,(anonymous_0)
FN:3,(anonymous_1)
FN:8,(anonymous_2)
FNF:3
FNH:3
FNDA:40,(anonymous_0)
FNDA:14,(anonymous_1)
FNDA:56,(anonymous_2)
DA:1,40
DA:3,1
DA:4,14
DA:8,14
DA:9,56
DA:10,56
DA:11,56
DA:12,56
DA:14,56
DA:15,14
DA:18,42
DA:19,12
DA:22,30
DA:23,8
DA:30,22
DA:31,12
DA:39,10
LF:17
LH:17
BRDA:1,0,0,40
BRDA:1,0,1,40
BRDA:1,0,2,18
BRDA:14,1,0,14
BRDA:14,1,1,42
BRDA:14,2,0,56
BRDA:14,2,1,14
BRDA:18,3,0,12
BRDA:18,3,1,30
BRDA:18,4,0,42
BRDA:18,4,1,42
BRDA:22,5,0,8
BRDA:22,5,1,22
BRDA:22,6,0,30
BRDA:22,6,1,10
BRDA:30,7,0,12
BRDA:30,7,1,10
BRF:17
BRH:17
end_of_record
TN:
SF:src\index.js
FN:7,(anonymous_0)
FN:9,genDiff
FNF:2
FNH:2
FNDA:12,(anonymous_0)
FNDA:6,genDiff
DA:7,12
DA:10,6
DA:11,6
DA:12,6
DA:14,6
DA:16,3
DA:18,2
DA:20,1
LF:8
LH:8
BRDA:9,0,0,3
BRDA:14,1,0,3
BRDA:14,1,1,2
BRDA:14,1,2,1
BRF:4
BRH:4
end_of_record
TN:
SF:src\parsers.js
FN:5,(anonymous_0)
FNF:1
FNH:1
FNDA:13,(anonymous_0)
DA:5,1
DA:6,13
DA:7,13
DA:8,13
DA:10,13
DA:12,6
DA:15,6
DA:17,1
LF:8
LH:8
BRDA:10,0,0,6
BRDA:10,0,1,2
BRDA:10,0,2,6
BRDA:10,0,3,1
BRF:4
BRH:4
end_of_record
TN:
SF:src\formatters\plain.js
FN:1,(anonymous_0)
FN:3,(anonymous_1)
FN:13,(anonymous_2)
FN:14,(anonymous_3)
FNF:4
FNH:4
FNDA:16,(anonymous_0)
FNDA:16,(anonymous_1)
FNDA:6,(anonymous_2)
FNDA:23,(anonymous_3)
DA:1,16
DA:3,1
DA:4,16
DA:5,3
DA:7,13
DA:8,7
DA:10,6
DA:13,1
DA:14,6
DA:15,23
DA:17,23
DA:19,6
DA:23,4
DA:25,5
DA:29,4
DA:31,4
DA:33,0
DA:37,6
LF:18
LH:17
BRDA:1,0,0,16
BRDA:1,0,1,15
BRDA:4,1,0,3
BRDA:4,1,1,13
BRDA:7,2,0,7
BRDA:7,2,1,6
BRDA:13,3,0,2
BRDA:15,4,0,14
BRDA:15,4,1,9
BRDA:17,5,0,6
BRDA:17,5,1,4
BRDA:17,5,2,5
BRDA:17,5,3,4
BRDA:17,5,4,4
BRDA:17,5,5,0
BRF:15
BRH:14
end_of_record
TN:
SF:src\formatters\stylish.js
FN:4,(anonymous_0)
FN:6,(anonymous_1)
FN:12,(anonymous_2)
FN:22,(anonymous_3)
FN:23,(anonymous_4)
FN:24,(anonymous_5)
FNF:6
FNH:6
FNDA:34,(anonymous_0)
FNDA:39,(anonymous_1)
FNDA:9,(anonymous_2)
FNDA:4,(anonymous_3)
FNDA:8,(anonymous_4)
FNDA:29,(anonymous_5)
DA:1,1
DA:2,1
DA:4,34
DA:6,1
DA:7,39
DA:8,38
DA:10,7
DA:11,7
DA:12,9
DA:17,7
DA:22,1
DA:23,4
DA:24,8
DA:25,29
DA:27,7
DA:32,6
DA:37,5
DA:42,6
DA:53,4
DA:58,1
DA:61,7
DA:64,4
LF:22
LH:22
BRDA:4,0,0,0
BRDA:7,1,0,1
BRDA:7,1,1,38
BRDA:8,2,0,31
BRDA:8,2,1,7
BRDA:23,3,0,4
BRDA:25,4,0,7
BRDA:25,4,1,6
BRDA:25,4,2,5
BRDA:25,4,3,6
BRDA:25,4,4,4
BRDA:25,4,5,1
BRF:12
BRH:11
end_of_record
